<?xml version="1.0" encoding="UTF-8"?>
<coverage generated="1548891219081" clover="3.2.0">
  <project timestamp="1548891219082" name="All files">
    <metrics statements="91" coveredstatements="87" conditionals="32" coveredconditionals="30" methods="28" coveredmethods="24" elements="151" coveredelements="141" complexity="0" loc="91" ncloc="91" packages="5" files="5" classes="5">
      <package name="src">
        <metrics statements="3" coveredstatements="3" conditionals="0" coveredconditionals="0" methods="0" coveredmethods="0"/>
        <file name="config.js" path="C:\Users\sanch\Documents\coding-life\Revolut\src\config.js">
          <metrics statements="3" coveredstatements="3" conditionals="0" coveredconditionals="0" methods="0" coveredmethods="0"/>
          <line num="1" count="4" type="stmt"/>
          <line num="3" count="4" type="stmt"/>
          <line num="6" count="4" type="stmt"/>
        </file>
      </package>
      <package name="src.actions">
        <metrics statements="20" coveredstatements="20" conditionals="2" coveredconditionals="1" methods="7" coveredmethods="7"/>
        <file name="Rates.js" path="C:\Users\sanch\Documents\coding-life\Revolut\src\actions\Rates.js">
          <metrics statements="20" coveredstatements="20" conditionals="2" coveredconditionals="1" methods="7" coveredmethods="7"/>
          <line num="4" count="3" type="stmt"/>
          <line num="9" count="3" type="stmt"/>
          <line num="10" count="1" type="stmt"/>
          <line num="12" count="1" type="stmt"/>
          <line num="13" count="1" type="stmt"/>
          <line num="14" count="3" type="stmt"/>
          <line num="17" count="1" type="stmt"/>
          <line num="18" count="1" type="stmt"/>
          <line num="19" count="1" type="stmt"/>
          <line num="20" count="3" type="stmt"/>
          <line num="23" count="1" type="stmt"/>
          <line num="28" count="1" type="stmt"/>
          <line num="32" count="3" type="stmt"/>
          <line num="35" count="1" type="stmt"/>
          <line num="36" count="1" type="stmt"/>
          <line num="37" count="1" type="stmt"/>
          <line num="39" count="1" type="stmt"/>
          <line num="40" count="1" type="cond" truecount="1" falsecount="1"/>
          <line num="41" count="1" type="stmt"/>
          <line num="47" count="1" type="stmt"/>
        </file>
      </package>
      <package name="src.components">
        <metrics statements="18" coveredstatements="17" conditionals="8" coveredconditionals="8" methods="6" coveredmethods="5"/>
        <file name="CurrencyContent.js" path="C:\Users\sanch\Documents\coding-life\Revolut\src\components\CurrencyContent.js">
          <metrics statements="18" coveredstatements="17" conditionals="8" coveredconditionals="8" methods="6" coveredmethods="5"/>
          <line num="8" count="2" type="stmt"/>
          <line num="36" count="4" type="stmt"/>
          <line num="38" count="4" type="stmt"/>
          <line num="39" count="4" type="stmt"/>
          <line num="41" count="4" type="stmt"/>
          <line num="42" count="4" type="stmt"/>
          <line num="44" count="4" type="cond" truecount="2" falsecount="0"/>
          <line num="47" count="4" type="stmt"/>
          <line num="64" count="4" type="stmt"/>
          <line num="65" count="4" type="stmt"/>
          <line num="68" count="4" type="cond" truecount="2" falsecount="0"/>
          <line num="72" count="4" type="stmt"/>
          <line num="90" count="12" type="stmt"/>
          <line num="95" count="1" type="stmt"/>
          <line num="125" count="1" type="stmt"/>
          <line num="139" count="2" type="stmt"/>
          <line num="149" count="2" type="stmt"/>
          <line num="150" count="0" type="stmt"/>
        </file>
      </package>
      <package name="src.containers">
        <metrics statements="46" coveredstatements="43" conditionals="18" coveredconditionals="18" methods="14" coveredmethods="11"/>
        <file name="App.js" path="C:\Users\sanch\Documents\coding-life\Revolut\src\containers\App.js">
          <metrics statements="46" coveredstatements="43" conditionals="18" coveredconditionals="18" methods="14" coveredmethods="11"/>
          <line num="10" count="1" type="stmt"/>
          <line num="29" count="11" type="stmt"/>
          <line num="31" count="11" type="stmt"/>
          <line num="45" count="11" type="stmt"/>
          <line num="46" count="11" type="stmt"/>
          <line num="47" count="0" type="stmt"/>
          <line num="52" count="34" type="stmt"/>
          <line num="56" count="3" type="stmt"/>
          <line num="57" count="3" type="cond" truecount="2" falsecount="0"/>
          <line num="58" count="2" type="stmt"/>
          <line num="59" count="2" type="stmt"/>
          <line num="60" count="2" type="cond" truecount="2" falsecount="0"/>
          <line num="61" count="1" type="stmt"/>
          <line num="66" count="1" type="stmt"/>
          <line num="75" count="3" type="cond" truecount="2" falsecount="0"/>
          <line num="76" count="2" type="cond" truecount="2" falsecount="0"/>
          <line num="77" count="2" type="stmt"/>
          <line num="78" count="2" type="stmt"/>
          <line num="79" count="2" type="stmt"/>
          <line num="82" count="2" type="stmt"/>
          <line num="84" count="1" type="stmt"/>
          <line num="91" count="4" type="stmt"/>
          <line num="93" count="4" type="cond" truecount="2" falsecount="0"/>
          <line num="94" count="1" type="stmt"/>
          <line num="97" count="3" type="cond" truecount="4" falsecount="0"/>
          <line num="98" count="1" type="stmt"/>
          <line num="100" count="2" type="stmt"/>
          <line num="101" count="2" type="stmt"/>
          <line num="103" count="2" type="stmt"/>
          <line num="104" count="2" type="stmt"/>
          <line num="106" count="2" type="cond" truecount="4" falsecount="0"/>
          <line num="107" count="1" type="stmt"/>
          <line num="109" count="1" type="stmt"/>
          <line num="110" count="1" type="stmt"/>
          <line num="112" count="1" type="stmt"/>
          <line num="114" count="1" type="stmt"/>
          <line num="123" count="5" type="stmt"/>
          <line num="129" count="5" type="stmt"/>
          <line num="130" count="0" type="stmt"/>
          <line num="146" count="26" type="stmt"/>
          <line num="147" count="26" type="stmt"/>
          <line num="193" count="1" type="stmt"/>
          <line num="198" count="1" type="stmt"/>
          <line num="199" count="1" type="stmt"/>
          <line num="202" count="1" type="stmt"/>
          <line num="203" count="0" type="stmt"/>
        </file>
      </package>
      <package name="src.reducers">
        <metrics statements="4" coveredstatements="4" conditionals="4" coveredconditionals="3" methods="1" coveredmethods="1"/>
        <file name="RatesReducer.js" path="C:\Users\sanch\Documents\coding-life\Revolut\src\reducers\RatesReducer.js">
          <metrics statements="4" coveredstatements="4" conditionals="4" coveredconditionals="3" methods="1" coveredmethods="1"/>
          <line num="4" count="3" type="cond" truecount="3" falsecount="0"/>
          <line num="6" count="1" type="stmt"/>
          <line num="8" count="1" type="stmt"/>
          <line num="10" count="1" type="stmt"/>
        </file>
      </package>
    </metrics>
  </project>
</coverage>
