<?xml version="1.0" encoding="UTF-8"?>
<coverage generated="1548467068106" clover="3.2.0">
  <project timestamp="1548467068107" name="All files">
    <metrics statements="81" coveredstatements="77" conditionals="22" coveredconditionals="20" methods="27" coveredmethods="23" elements="130" coveredelements="120" complexity="0" loc="81" ncloc="81" packages="5" files="5" classes="5">
      <package name="src">
        <metrics statements="3" coveredstatements="3" conditionals="0" coveredconditionals="0" methods="0" coveredmethods="0"/>
        <file name="config.js" path="C:\Users\sanch\Documents\coding-life\Revolut\src\config.js">
          <metrics statements="3" coveredstatements="3" conditionals="0" coveredconditionals="0" methods="0" coveredmethods="0"/>
          <line num="1" count="4" type="stmt"/>
          <line num="3" count="4" type="stmt"/>
          <line num="6" count="4" type="stmt"/>
        </file>
      </package>
      <package name="src.actions">
        <metrics statements="20" coveredstatements="20" conditionals="2" coveredconditionals="1" methods="7" coveredmethods="7"/>
        <file name="Rates.js" path="C:\Users\sanch\Documents\coding-life\Revolut\src\actions\Rates.js">
          <metrics statements="20" coveredstatements="20" conditionals="2" coveredconditionals="1" methods="7" coveredmethods="7"/>
          <line num="4" count="3" type="stmt"/>
          <line num="9" count="3" type="stmt"/>
          <line num="10" count="1" type="stmt"/>
          <line num="12" count="1" type="stmt"/>
          <line num="13" count="1" type="stmt"/>
          <line num="14" count="3" type="stmt"/>
          <line num="17" count="1" type="stmt"/>
          <line num="18" count="1" type="stmt"/>
          <line num="19" count="1" type="stmt"/>
          <line num="20" count="3" type="stmt"/>
          <line num="23" count="1" type="stmt"/>
          <line num="28" count="1" type="stmt"/>
          <line num="32" count="3" type="stmt"/>
          <line num="35" count="1" type="stmt"/>
          <line num="36" count="1" type="stmt"/>
          <line num="37" count="1" type="stmt"/>
          <line num="39" count="1" type="stmt"/>
          <line num="40" count="1" type="cond" truecount="1" falsecount="1"/>
          <line num="41" count="1" type="stmt"/>
          <line num="47" count="1" type="stmt"/>
        </file>
      </package>
      <package name="src.components">
        <metrics statements="18" coveredstatements="17" conditionals="8" coveredconditionals="8" methods="6" coveredmethods="5"/>
        <file name="CurrencyContent.js" path="C:\Users\sanch\Documents\coding-life\Revolut\src\components\CurrencyContent.js">
          <metrics statements="18" coveredstatements="17" conditionals="8" coveredconditionals="8" methods="6" coveredmethods="5"/>
          <line num="8" count="2" type="stmt"/>
          <line num="37" count="4" type="stmt"/>
          <line num="39" count="4" type="stmt"/>
          <line num="40" count="4" type="stmt"/>
          <line num="42" count="4" type="stmt"/>
          <line num="43" count="4" type="stmt"/>
          <line num="45" count="4" type="cond" truecount="2" falsecount="0"/>
          <line num="48" count="4" type="stmt"/>
          <line num="65" count="4" type="stmt"/>
          <line num="66" count="4" type="stmt"/>
          <line num="69" count="4" type="cond" truecount="2" falsecount="0"/>
          <line num="73" count="4" type="stmt"/>
          <line num="91" count="12" type="stmt"/>
          <line num="96" count="1" type="stmt"/>
          <line num="126" count="1" type="stmt"/>
          <line num="140" count="2" type="stmt"/>
          <line num="150" count="2" type="stmt"/>
          <line num="151" count="0" type="stmt"/>
        </file>
      </package>
      <package name="src.containers">
        <metrics statements="36" coveredstatements="33" conditionals="8" coveredconditionals="8" methods="13" coveredmethods="10"/>
        <file name="App.js" path="C:\Users\sanch\Documents\coding-life\Revolut\src\containers\App.js">
          <metrics statements="36" coveredstatements="33" conditionals="8" coveredconditionals="8" methods="13" coveredmethods="10"/>
          <line num="9" count="1" type="stmt"/>
          <line num="28" count="7" type="stmt"/>
          <line num="30" count="7" type="stmt"/>
          <line num="43" count="7" type="stmt"/>
          <line num="44" count="7" type="stmt"/>
          <line num="45" count="0" type="stmt"/>
          <line num="50" count="22" type="stmt"/>
          <line num="54" count="2" type="stmt"/>
          <line num="55" count="2" type="cond" truecount="2" falsecount="0"/>
          <line num="56" count="1" type="stmt"/>
          <line num="57" count="1" type="stmt"/>
          <line num="58" count="1" type="stmt"/>
          <line num="67" count="2" type="cond" truecount="2" falsecount="0"/>
          <line num="68" count="2" type="stmt"/>
          <line num="69" count="2" type="stmt"/>
          <line num="70" count="2" type="stmt"/>
          <line num="73" count="2" type="stmt"/>
          <line num="77" count="2" type="stmt"/>
          <line num="79" count="2" type="stmt"/>
          <line num="80" count="2" type="stmt"/>
          <line num="82" count="2" type="stmt"/>
          <line num="83" count="2" type="stmt"/>
          <line num="85" count="2" type="cond" truecount="4" falsecount="0"/>
          <line num="86" count="1" type="stmt"/>
          <line num="91" count="1" type="stmt"/>
          <line num="92" count="0" type="stmt"/>
          <line num="99" count="1" type="stmt"/>
          <line num="100" count="1" type="stmt"/>
          <line num="102" count="1" type="stmt"/>
          <line num="104" count="1" type="stmt"/>
          <line num="117" count="14" type="stmt"/>
          <line num="118" count="14" type="stmt"/>
          <line num="164" count="1" type="stmt"/>
          <line num="165" count="1" type="stmt"/>
          <line num="168" count="1" type="stmt"/>
          <line num="169" count="0" type="stmt"/>
        </file>
      </package>
      <package name="src.reducers">
        <metrics statements="4" coveredstatements="4" conditionals="4" coveredconditionals="3" methods="1" coveredmethods="1"/>
        <file name="RatesReducer.js" path="C:\Users\sanch\Documents\coding-life\Revolut\src\reducers\RatesReducer.js">
          <metrics statements="4" coveredstatements="4" conditionals="4" coveredconditionals="3" methods="1" coveredmethods="1"/>
          <line num="4" count="3" type="cond" truecount="3" falsecount="0"/>
          <line num="6" count="1" type="stmt"/>
          <line num="8" count="1" type="stmt"/>
          <line num="10" count="1" type="stmt"/>
        </file>
      </package>
    </metrics>
  </project>
</coverage>
