{"C:\\Users\\sanch\\Documents\\coding-life\\Revolut\\src\\config.js": {"path":"C:\\Users\\sanch\\Documents\\coding-life\\Revolut\\src\\config.js","statementMap":{"0":{"start":{"line":1,"column":35},"end":{"line":1,"column":56}},"1":{"start":{"line":3,"column":33},"end":{"line":3,"column":65}},"2":{"start":{"line":6,"column":2},"end":{"line":6,"column":48}}},"fnMap":{},"branchMap":{},"s":{"0":4,"1":4,"2":4},"f":{},"b":{},"_coverageSchema":"332fd63041d2c1bcb487cc26dd0d5f7d97098a6c","hash":"f3c96e435bd2b37a626cf995040b091acdf85dc0"}
,"C:\\Users\\sanch\\Documents\\coding-life\\Revolut\\src\\actions\\Rates.js": {"path":"C:\\Users\\sanch\\Documents\\coding-life\\Revolut\\src\\actions\\Rates.js","statementMap":{"0":{"start":{"line":4,"column":29},"end":{"line":7,"column":1}},"1":{"start":{"line":9,"column":26},"end":{"line":30,"column":1}},"2":{"start":{"line":9,"column":46},"end":{"line":30,"column":1}},"3":{"start":{"line":10,"column":14},"end":{"line":10,"column":38}},"4":{"start":{"line":12,"column":19},"end":{"line":12,"column":21}},"5":{"start":{"line":13,"column":2},"end":{"line":15,"column":5}},"6":{"start":{"line":14,"column":4},"end":{"line":14,"column":50}},"7":{"start":{"line":17,"column":2},"end":{"line":29,"column":5}},"8":{"start":{"line":18,"column":20},"end":{"line":18,"column":22}},"9":{"start":{"line":19,"column":4},"end":{"line":21,"column":7}},"10":{"start":{"line":20,"column":6},"end":{"line":20,"column":70}},"11":{"start":{"line":23,"column":4},"end":{"line":26,"column":7}},"12":{"start":{"line":28,"column":4},"end":{"line":28,"column":61}},"13":{"start":{"line":32,"column":33},"end":{"line":51,"column":1}},"14":{"start":{"line":35,"column":5},"end":{"line":51,"column":1}},"15":{"start":{"line":36,"column":24},"end":{"line":36,"column":43}},"16":{"start":{"line":37,"column":25},"end":{"line":37,"column":44}},"17":{"start":{"line":39,"column":23},"end":{"line":39,"column":29}},"18":{"start":{"line":40,"column":2},"end":{"line":45,"column":3}},"19":{"start":{"line":41,"column":4},"end":{"line":44,"column":6}},"20":{"start":{"line":47,"column":2},"end":{"line":50,"column":5}}},"fnMap":{"0":{"name":"(anonymous_0)","decl":{"start":{"line":9,"column":26},"end":{"line":9,"column":27}},"loc":{"start":{"line":9,"column":46},"end":{"line":30,"column":1}},"line":9},"1":{"name":"(anonymous_1)","decl":{"start":{"line":9,"column":46},"end":{"line":9,"column":47}},"loc":{"start":{"line":9,"column":58},"end":{"line":30,"column":1}},"line":9},"2":{"name":"(anonymous_2)","decl":{"start":{"line":13,"column":30},"end":{"line":13,"column":31}},"loc":{"start":{"line":13,"column":42},"end":{"line":15,"column":3}},"line":13},"3":{"name":"(anonymous_3)","decl":{"start":{"line":17,"column":36},"end":{"line":17,"column":37}},"loc":{"start":{"line":17,"column":44},"end":{"line":29,"column":3}},"line":17},"4":{"name":"(anonymous_4)","decl":{"start":{"line":19,"column":17},"end":{"line":19,"column":18}},"loc":{"start":{"line":19,"column":25},"end":{"line":21,"column":5}},"line":19},"5":{"name":"(anonymous_5)","decl":{"start":{"line":32,"column":33},"end":{"line":32,"column":34}},"loc":{"start":{"line":35,"column":5},"end":{"line":51,"column":1}},"line":35},"6":{"name":"(anonymous_6)","decl":{"start":{"line":35,"column":5},"end":{"line":35,"column":6}},"loc":{"start":{"line":35,"column":17},"end":{"line":51,"column":1}},"line":35}},"branchMap":{"0":{"loc":{"start":{"line":40,"column":2},"end":{"line":45,"column":3}},"type":"if","locations":[{"start":{"line":40,"column":2},"end":{"line":45,"column":3}},{"start":{"line":40,"column":2},"end":{"line":45,"column":3}}],"line":40}},"s":{"0":3,"1":3,"2":1,"3":1,"4":1,"5":1,"6":3,"7":1,"8":1,"9":1,"10":3,"11":1,"12":1,"13":3,"14":1,"15":1,"16":1,"17":1,"18":1,"19":1,"20":1},"f":{"0":1,"1":1,"2":3,"3":1,"4":3,"5":1,"6":1},"b":{"0":[1,0]},"_coverageSchema":"332fd63041d2c1bcb487cc26dd0d5f7d97098a6c","hash":"fc75f3bfddeb701e516f49467c4e1f4903dd8ad0"}
,"C:\\Users\\sanch\\Documents\\coding-life\\Revolut\\src\\components\\CurrencyContent.js": {"path":"C:\\Users\\sanch\\Documents\\coding-life\\Revolut\\src\\components\\CurrencyContent.js","statementMap":{"0":{"start":{"line":8,"column":14},"end":{"line":33,"column":1}},"1":{"start":{"line":37,"column":56},"end":{"line":37,"column":66}},"2":{"start":{"line":39,"column":26},"end":{"line":39,"column":44}},"3":{"start":{"line":40,"column":27},"end":{"line":40,"column":45}},"4":{"start":{"line":42,"column":24},"end":{"line":42,"column":56}},"5":{"start":{"line":43,"column":25},"end":{"line":43,"column":58}},"6":{"start":{"line":45,"column":26},"end":{"line":47,"column":9}},"7":{"start":{"line":48,"column":4},"end":{"line":54,"column":6}},"8":{"start":{"line":65,"column":8},"end":{"line":65,"column":18}},"9":{"start":{"line":66,"column":26},"end":{"line":66,"column":51}},"10":{"start":{"line":69,"column":6},"end":{"line":71,"column":53}},"11":{"start":{"line":73,"column":4},"end":{"line":136,"column":6}},"12":{"start":{"line":91,"column":12},"end":{"line":98,"column":14}},"13":{"start":{"line":96,"column":42},"end":{"line":96,"column":78}},"14":{"start":{"line":126,"column":20},"end":{"line":126,"column":50}},"15":{"start":{"line":140,"column":0},"end":{"line":148,"column":2}},"16":{"start":{"line":150,"column":31},"end":{"line":152,"column":1}},"17":{"start":{"line":151,"column":2},"end":{"line":151,"column":42}}},"fnMap":{"0":{"name":"(anonymous_0)","decl":{"start":{"line":36,"column":21},"end":{"line":36,"column":22}},"loc":{"start":{"line":36,"column":27},"end":{"line":55,"column":3}},"line":36},"1":{"name":"(anonymous_1)","decl":{"start":{"line":57,"column":2},"end":{"line":57,"column":3}},"loc":{"start":{"line":57,"column":11},"end":{"line":137,"column":3}},"line":57},"2":{"name":"(anonymous_2)","decl":{"start":{"line":90,"column":35},"end":{"line":90,"column":36}},"loc":{"start":{"line":90,"column":47},"end":{"line":99,"column":11}},"line":90},"3":{"name":"(anonymous_3)","decl":{"start":{"line":96,"column":25},"end":{"line":96,"column":26}},"loc":{"start":{"line":96,"column":42},"end":{"line":96,"column":78}},"line":96},"4":{"name":"(anonymous_4)","decl":{"start":{"line":125,"column":33},"end":{"line":125,"column":34}},"loc":{"start":{"line":125,"column":46},"end":{"line":127,"column":19}},"line":125},"5":{"name":"(anonymous_5)","decl":{"start":{"line":150,"column":31},"end":{"line":150,"column":32}},"loc":{"start":{"line":150,"column":69},"end":{"line":152,"column":1}},"line":150}},"branchMap":{"0":{"loc":{"start":{"line":45,"column":26},"end":{"line":47,"column":9}},"type":"cond-expr","locations":[{"start":{"line":46,"column":8},"end":{"line":46,"column":56}},{"start":{"line":47,"column":8},"end":{"line":47,"column":9}}],"line":45},"1":{"loc":{"start":{"line":50,"column":8},"end":{"line":50,"column":51}},"type":"cond-expr","locations":[{"start":{"line":50,"column":25},"end":{"line":50,"column":36}},{"start":{"line":50,"column":39},"end":{"line":50,"column":51}}],"line":50},"2":{"loc":{"start":{"line":52,"column":8},"end":{"line":52,"column":51}},"type":"cond-expr","locations":[{"start":{"line":52,"column":25},"end":{"line":52,"column":37}},{"start":{"line":52,"column":40},"end":{"line":52,"column":51}}],"line":52},"3":{"loc":{"start":{"line":69,"column":6},"end":{"line":71,"column":53}},"type":"cond-expr","locations":[{"start":{"line":70,"column":10},"end":{"line":70,"column":53}},{"start":{"line":71,"column":10},"end":{"line":71,"column":53}}],"line":69}},"s":{"0":2,"1":4,"2":4,"3":4,"4":4,"5":4,"6":4,"7":4,"8":4,"9":4,"10":4,"11":4,"12":12,"13":1,"14":1,"15":2,"16":2,"17":0},"f":{"0":4,"1":4,"2":12,"3":1,"4":1,"5":0},"b":{"0":[3,1],"1":[3,1],"2":[3,1],"3":[3,1]},"_coverageSchema":"332fd63041d2c1bcb487cc26dd0d5f7d97098a6c","hash":"cff767860257de2a89ac35cb592b85915377c155"}
,"C:\\Users\\sanch\\Documents\\coding-life\\Revolut\\src\\containers\\App.js": {"path":"C:\\Users\\sanch\\Documents\\coding-life\\Revolut\\src\\containers\\App.js","statementMap":{"0":{"start":{"line":9,"column":15},"end":{"line":24,"column":1}},"1":{"start":{"line":28,"column":4},"end":{"line":28,"column":17}},"2":{"start":{"line":30,"column":4},"end":{"line":39,"column":6}},"3":{"start":{"line":43,"column":4},"end":{"line":43,"column":54}},"4":{"start":{"line":44,"column":4},"end":{"line":46,"column":14}},"5":{"start":{"line":45,"column":6},"end":{"line":45,"column":56}},"6":{"start":{"line":50,"column":4},"end":{"line":50,"column":66}},"7":{"start":{"line":54,"column":26},"end":{"line":54,"column":52}},"8":{"start":{"line":55,"column":4},"end":{"line":63,"column":5}},"9":{"start":{"line":56,"column":6},"end":{"line":56,"column":39}},"10":{"start":{"line":57,"column":6},"end":{"line":62,"column":9}},"11":{"start":{"line":58,"column":8},"end":{"line":61,"column":10}},"12":{"start":{"line":67,"column":29},"end":{"line":67,"column":46}},"13":{"start":{"line":68,"column":26},"end":{"line":68,"column":36}},"14":{"start":{"line":69,"column":4},"end":{"line":69,"column":46}},"15":{"start":{"line":70,"column":4},"end":{"line":71,"column":68}},"16":{"start":{"line":73,"column":4},"end":{"line":73,"column":35}},"17":{"start":{"line":77,"column":60},"end":{"line":77,"column":70}},"18":{"start":{"line":79,"column":21},"end":{"line":79,"column":73}},"19":{"start":{"line":80,"column":22},"end":{"line":80,"column":74}},"20":{"start":{"line":82,"column":4},"end":{"line":82,"column":39}},"21":{"start":{"line":83,"column":4},"end":{"line":83,"column":41}},"22":{"start":{"line":85,"column":4},"end":{"line":108,"column":5}},"23":{"start":{"line":86,"column":6},"end":{"line":97,"column":8}},"24":{"start":{"line":91,"column":10},"end":{"line":95,"column":19}},"25":{"start":{"line":92,"column":12},"end":{"line":94,"column":15}},"26":{"start":{"line":99,"column":6},"end":{"line":99,"column":67}},"27":{"start":{"line":100,"column":6},"end":{"line":100,"column":68}},"28":{"start":{"line":102,"column":6},"end":{"line":102,"column":45}},"29":{"start":{"line":104,"column":6},"end":{"line":107,"column":9}},"30":{"start":{"line":117,"column":8},"end":{"line":117,"column":18}},"31":{"start":{"line":118,"column":4},"end":{"line":160,"column":6}},"32":{"start":{"line":164,"column":31},"end":{"line":166,"column":1}},"33":{"start":{"line":165,"column":2},"end":{"line":165,"column":26}},"34":{"start":{"line":168,"column":34},"end":{"line":170,"column":1}},"35":{"start":{"line":169,"column":2},"end":{"line":169,"column":73}}},"fnMap":{"0":{"name":"(anonymous_0)","decl":{"start":{"line":27,"column":2},"end":{"line":27,"column":3}},"loc":{"start":{"line":27,"column":21},"end":{"line":40,"column":3}},"line":27},"1":{"name":"(anonymous_1)","decl":{"start":{"line":42,"column":2},"end":{"line":42,"column":3}},"loc":{"start":{"line":42,"column":22},"end":{"line":47,"column":3}},"line":42},"2":{"name":"(anonymous_2)","decl":{"start":{"line":44,"column":16},"end":{"line":44,"column":17}},"loc":{"start":{"line":44,"column":22},"end":{"line":46,"column":5}},"line":44},"3":{"name":"(anonymous_3)","decl":{"start":{"line":49,"column":26},"end":{"line":49,"column":27}},"loc":{"start":{"line":49,"column":32},"end":{"line":51,"column":3}},"line":49},"4":{"name":"(anonymous_4)","decl":{"start":{"line":53,"column":25},"end":{"line":53,"column":26}},"loc":{"start":{"line":53,"column":45},"end":{"line":64,"column":3}},"line":53},"5":{"name":"(anonymous_5)","decl":{"start":{"line":57,"column":41},"end":{"line":57,"column":42}},"loc":{"start":{"line":57,"column":47},"end":{"line":62,"column":7}},"line":57},"6":{"name":"(anonymous_6)","decl":{"start":{"line":66,"column":18},"end":{"line":66,"column":19}},"loc":{"start":{"line":66,"column":39},"end":{"line":74,"column":3}},"line":66},"7":{"name":"(anonymous_7)","decl":{"start":{"line":76,"column":25},"end":{"line":76,"column":26}},"loc":{"start":{"line":76,"column":31},"end":{"line":109,"column":3}},"line":76},"8":{"name":"(anonymous_8)","decl":{"start":{"line":90,"column":8},"end":{"line":90,"column":9}},"loc":{"start":{"line":90,"column":14},"end":{"line":96,"column":9}},"line":90},"9":{"name":"(anonymous_9)","decl":{"start":{"line":91,"column":21},"end":{"line":91,"column":22}},"loc":{"start":{"line":91,"column":27},"end":{"line":95,"column":11}},"line":91},"10":{"name":"(anonymous_10)","decl":{"start":{"line":111,"column":2},"end":{"line":111,"column":3}},"loc":{"start":{"line":111,"column":11},"end":{"line":161,"column":3}},"line":111},"11":{"name":"(anonymous_11)","decl":{"start":{"line":164,"column":31},"end":{"line":164,"column":32}},"loc":{"start":{"line":164,"column":53},"end":{"line":166,"column":1}},"line":164},"12":{"name":"(anonymous_12)","decl":{"start":{"line":168,"column":34},"end":{"line":168,"column":35}},"loc":{"start":{"line":168,"column":46},"end":{"line":170,"column":1}},"line":168}},"branchMap":{"0":{"loc":{"start":{"line":55,"column":4},"end":{"line":63,"column":5}},"type":"if","locations":[{"start":{"line":55,"column":4},"end":{"line":63,"column":5}},{"start":{"line":55,"column":4},"end":{"line":63,"column":5}}],"line":55},"1":{"loc":{"start":{"line":67,"column":29},"end":{"line":67,"column":46}},"type":"cond-expr","locations":[{"start":{"line":67,"column":41},"end":{"line":67,"column":42}},{"start":{"line":67,"column":45},"end":{"line":67,"column":46}}],"line":67},"2":{"loc":{"start":{"line":85,"column":4},"end":{"line":108,"column":5}},"type":"if","locations":[{"start":{"line":85,"column":4},"end":{"line":108,"column":5}},{"start":{"line":85,"column":4},"end":{"line":108,"column":5}}],"line":85},"3":{"loc":{"start":{"line":85,"column":8},"end":{"line":85,"column":41}},"type":"binary-expr","locations":[{"start":{"line":85,"column":8},"end":{"line":85,"column":22}},{"start":{"line":85,"column":26},"end":{"line":85,"column":41}}],"line":85}},"s":{"0":1,"1":7,"2":7,"3":7,"4":7,"5":0,"6":22,"7":2,"8":2,"9":1,"10":1,"11":1,"12":2,"13":2,"14":2,"15":2,"16":2,"17":2,"18":2,"19":2,"20":2,"21":2,"22":2,"23":1,"24":1,"25":0,"26":1,"27":1,"28":1,"29":1,"30":14,"31":14,"32":1,"33":1,"34":1,"35":0},"f":{"0":7,"1":7,"2":0,"3":22,"4":2,"5":1,"6":2,"7":2,"8":1,"9":0,"10":14,"11":1,"12":0},"b":{"0":[1,1],"1":[1,1],"2":[1,1],"3":[2,2]},"_coverageSchema":"332fd63041d2c1bcb487cc26dd0d5f7d97098a6c","hash":"b8f706bc4d80a649487cedc1e1a232e901586aa9"}
,"C:\\Users\\sanch\\Documents\\coding-life\\Revolut\\src\\reducers\\RatesReducer.js": {"path":"C:\\Users\\sanch\\Documents\\coding-life\\Revolut\\src\\reducers\\RatesReducer.js","statementMap":{"0":{"start":{"line":4,"column":2},"end":{"line":11,"column":3}},"1":{"start":{"line":6,"column":6},"end":{"line":6,"column":45}},"2":{"start":{"line":8,"column":6},"end":{"line":8,"column":58}},"3":{"start":{"line":10,"column":6},"end":{"line":10,"column":19}}},"fnMap":{"0":{"name":"(anonymous_0)","decl":{"start":{"line":3,"column":15},"end":{"line":3,"column":16}},"loc":{"start":{"line":3,"column":44},"end":{"line":12,"column":1}},"line":3}},"branchMap":{"0":{"loc":{"start":{"line":3,"column":24},"end":{"line":3,"column":34}},"type":"default-arg","locations":[{"start":{"line":3,"column":32},"end":{"line":3,"column":34}}],"line":3},"1":{"loc":{"start":{"line":4,"column":2},"end":{"line":11,"column":3}},"type":"switch","locations":[{"start":{"line":5,"column":4},"end":{"line":6,"column":45}},{"start":{"line":7,"column":4},"end":{"line":8,"column":58}},{"start":{"line":9,"column":4},"end":{"line":10,"column":19}}],"line":4}},"s":{"0":3,"1":1,"2":1,"3":1},"f":{"0":3},"b":{"0":[0],"1":[1,1,1]},"_coverageSchema":"332fd63041d2c1bcb487cc26dd0d5f7d97098a6c","hash":"ec042eb4caa76f0ef727229888b74f976dd59626"}
}
