TN:
SF:C:\Users\sanch\Documents\coding-life\Revolut\src\config.js
FNF:0
FNH:0
DA:1,3
DA:3,3
DA:6,3
LF:3
LH:3
BRF:0
BRH:0
end_of_record
TN:
SF:C:\Users\sanch\Documents\coding-life\Revolut\src\index.js
FNF:0
FNH:0
DA:1,0
DA:2,0
DA:3,0
DA:4,0
DA:5,0
DA:6,0
DA:7,0
DA:8,0
DA:10,0
DA:12,0
LF:10
LH:0
BRF:0
BRH:0
end_of_record
TN:
SF:C:\Users\sanch\Documents\coding-life\Revolut\src\actions\Rates.js
FN:9,(anonymous_0)
FN:9,(anonymous_1)
FN:13,(anonymous_2)
FN:17,(anonymous_3)
FN:19,(anonymous_4)
FN:32,(anonymous_5)
FN:35,(anonymous_6)
FNF:7
FNH:0
FNDA:0,(anonymous_0)
FNDA:0,(anonymous_1)
FNDA:0,(anonymous_2)
FNDA:0,(anonymous_3)
FNDA:0,(anonymous_4)
FNDA:0,(anonymous_5)
FNDA:0,(anonymous_6)
DA:4,2
DA:9,2
DA:10,0
DA:12,0
DA:13,0
DA:14,0
DA:17,0
DA:18,0
DA:19,0
DA:20,0
DA:23,0
DA:28,0
DA:32,2
DA:35,0
DA:36,0
DA:37,0
DA:39,0
DA:40,0
DA:41,0
DA:47,0
LF:20
LH:3
BRDA:40,0,0,0
BRDA:40,0,1,0
BRF:2
BRH:0
end_of_record
TN:
SF:C:\Users\sanch\Documents\coding-life\Revolut\src\components\CurrencyContent.js
FN:36,(anonymous_0)
FN:57,(anonymous_1)
FN:90,(anonymous_2)
FN:96,(anonymous_3)
FN:125,(anonymous_4)
FN:150,(anonymous_5)
FNF:6
FNH:5
FNDA:4,(anonymous_0)
FNDA:4,(anonymous_1)
FNDA:12,(anonymous_2)
FNDA:1,(anonymous_3)
FNDA:1,(anonymous_4)
FNDA:0,(anonymous_5)
DA:8,2
DA:37,4
DA:39,4
DA:40,4
DA:42,4
DA:43,4
DA:45,4
DA:48,4
DA:65,4
DA:66,4
DA:69,4
DA:73,4
DA:91,12
DA:96,1
DA:126,1
DA:140,2
DA:150,2
DA:151,0
LF:18
LH:17
BRDA:45,0,0,3
BRDA:45,0,1,1
BRDA:50,1,0,3
BRDA:50,1,1,1
BRDA:52,2,0,3
BRDA:52,2,1,1
BRDA:69,3,0,3
BRDA:69,3,1,1
BRF:8
BRH:8
end_of_record
TN:
SF:C:\Users\sanch\Documents\coding-life\Revolut\src\containers\App.js
FN:27,(anonymous_0)
FN:42,(anonymous_1)
FN:44,(anonymous_2)
FN:49,(anonymous_3)
FN:53,(anonymous_4)
FN:57,(anonymous_5)
FN:66,(anonymous_6)
FN:76,(anonymous_7)
FN:90,(anonymous_8)
FN:91,(anonymous_9)
FN:111,(anonymous_10)
FN:164,(anonymous_11)
FN:168,(anonymous_12)
FNF:13
FNH:10
FNDA:8,(anonymous_0)
FNDA:8,(anonymous_1)
FNDA:0,(anonymous_2)
FNDA:25,(anonymous_3)
FNDA:2,(anonymous_4)
FNDA:1,(anonymous_5)
FNDA:2,(anonymous_6)
FNDA:2,(anonymous_7)
FNDA:1,(anonymous_8)
FNDA:0,(anonymous_9)
FNDA:15,(anonymous_10)
FNDA:1,(anonymous_11)
FNDA:0,(anonymous_12)
DA:9,1
DA:28,8
DA:30,8
DA:43,8
DA:44,8
DA:45,0
DA:50,25
DA:54,2
DA:55,2
DA:56,1
DA:57,1
DA:58,1
DA:67,2
DA:68,2
DA:69,2
DA:70,2
DA:73,2
DA:77,2
DA:79,2
DA:80,2
DA:82,2
DA:83,2
DA:85,2
DA:86,1
DA:91,1
DA:92,0
DA:99,1
DA:100,1
DA:102,1
DA:104,1
DA:117,15
DA:118,15
DA:164,1
DA:165,1
DA:168,1
DA:169,0
LF:36
LH:33
BRDA:55,0,0,1
BRDA:55,0,1,1
BRDA:67,1,0,1
BRDA:67,1,1,1
BRDA:85,2,0,1
BRDA:85,2,1,1
BRDA:85,3,0,2
BRDA:85,3,1,2
BRF:8
BRH:8
end_of_record
TN:
SF:C:\Users\sanch\Documents\coding-life\Revolut\src\reducers\RatesReducer.js
FN:3,(anonymous_0)
FNF:1
FNH:1
FNDA:3,(anonymous_0)
DA:4,3
DA:6,1
DA:8,1
DA:10,1
LF:4
LH:4
BRDA:3,0,0,0
BRDA:4,1,0,1
BRDA:4,1,1,1
BRDA:4,1,2,1
BRF:4
BRH:3
end_of_record
